<?xml version="1.0" encoding="UTF-8"?>
<!-- Generated by org.testng.reporters.JUnitReportReporter -->
<testsuite skipped="0" hostname="LAPTOP-F21NF111" name="Parallel01IT" tests="1" failures="0" timestamp="11 Dec 2018 20:43:34 GMT" time="6.560" errors="0">
  <testcase name="feature" time="6.560" classname="Parallel01IT"/>
</testsuite> <!-- Parallel01IT -->
