<?xml version="1.0" encoding="UTF-8"?>
<!-- Generated by org.testng.reporters.JUnitReportReporter -->
<testsuite skipped="0" hostname="LAPTOP-F21NF111" name="testrunners.Parallel01IT" tests="1" failures="0" timestamp="11 Dec 2018 20:50:41 GMT" time="4.632" errors="0">
  <testcase name="feature" time="4.632" classname="testrunners.Parallel01IT"/>
</testsuite> <!-- testrunners.Parallel01IT -->
