<?xml version="1.0" encoding="UTF-8"?>
<!-- Generated by org.testng.reporters.JUnitReportReporter -->
<testsuite skipped="0" hostname="LAPTOP-F21NF111" name="testrunners.Parallel02IT" tests="1" failures="0" timestamp="11 Dec 2018 20:52:48 GMT" time="19.138" errors="0">
  <testcase name="feature" time="19.138" classname="testrunners.Parallel02IT"/>
</testsuite> <!-- testrunners.Parallel02IT -->
