<?xml version="1.0" encoding="UTF-8"?>
<!-- Generated by org.testng.reporters.JUnitReportReporter -->
<testsuite skipped="0" hostname="LAPTOP-F21NF111" name="testrunners.TestRunnerRegistration" tests="1" failures="0" timestamp="11 Dec 2018 19:22:25 GMT" time="23.795" errors="0">
  <testcase name="feature" time="23.795" classname="testrunners.TestRunnerRegistration"/>
</testsuite> <!-- testrunners.TestRunnerRegistration -->
