<?xml version="1.0" encoding="UTF-8"?>
<!-- Generated by org.testng.reporters.JUnitReportReporter -->
<testsuite skipped="0" hostname="LAPTOP-F21NF111" name="testrunners.TestRunnerOne" tests="1" failures="0" timestamp="11 Dec 2018 20:26:37 GMT" time="17.421" errors="0">
  <testcase name="feature" time="17.421" classname="testrunners.TestRunnerOne"/>
</testsuite> <!-- testrunners.TestRunnerOne -->
