<?xml version="1.0" encoding="UTF-8"?>
<!-- Generated by org.testng.reporters.JUnitReportReporter -->
<testsuite skipped="0" hostname="LAPTOP-F21NF111" name="testrunners.TestRunnerSearch" tests="1" failures="0" timestamp="07 Oct 2018 09:27:50 GMT" time="28.291" errors="0">
  <testcase name="feature" time="28.291" classname="testrunners.TestRunnerSearch"/>
</testsuite> <!-- testrunners.TestRunnerSearch -->
